<?xml version="1.0" encoding="UTF-8"?>
<!-- Generated by org.testng.reporters.JUnitReportReporter -->
<testsuite skipped="0" hostname="W2464520NGMD1" name="Testcases.HomeApp" tests="1" failures="0" timestamp="2020-09-16T07:24:59 IST" time="4.416" errors="1">
  <testcase name="homeClick" time="4.416" classname="Testcases.HomeApp">
    <error type="org.openqa.selenium.SessionNotCreatedException" message="session not created: This version of ChromeDriver only supports Chrome version 83
Build info: version: &#039;3.141.59&#039;, revision: &#039;e82be7d358&#039;, time: &#039;2018-11-14T08:25:48&#039;
System info: host: &#039;W2464520NGMD1&#039;, ip: &#039;172.20.10.2&#039;, os.name: &#039;Windows 10&#039;, os.arch: &#039;amd64&#039;, os.version: &#039;10.0&#039;, java.version: &#039;1.8.0_251&#039;
Driver info: driver.version: ChromeDriver
remote stacktrace: Backtrace:
	Ordinal0 [0x00E49563+2725219]
	Ordinal0 [0x00D48551+1672529]
	Ordinal0 [0x00C30359+525145]
	Ordinal0 [0x00BC0B77+68471]
	Ordinal0 [0x00BBD32C+54060]
	Ordinal0 [0x00BDCC37+183351]
	Ordinal0 [0x00BDCA3D+182845]
	Ordinal0 [0x00BDA94B+174411]
	Ordinal0 [0x00BC2528+75048]
	Ordinal0 [0x00BC35A0+79264]
	Ordinal0 [0x00BC3539+79161]
	Ordinal0 [0x00D5D607+1758727]
	GetHandleVerifier [0x00F66546+1050150]
	GetHandleVerifier [0x00F66291+1049457]
	GetHandleVerifier [0x00F710D7+1094071]
	GetHandleVerifier [0x00F66B46+1051686]
	Ordinal0 [0x00D55B06+1727238]
	Ordinal0 [0x00D5EB7B+1764219]
	Ordinal0 [0x00D5ECE3+1764579]
	Ordinal0 [0x00D74C05+1854469]
	BaseThreadInitThunk [0x73CC8674+36]
	RtlGetAppContainerNamedObjectPath [0x77995EC7+311]
	RtlGetAppContainerNamedObjectPath [0x77995E97+263]
">
      <![CDATA[org.openqa.selenium.SessionNotCreatedException: session not created: This version of ChromeDriver only supports Chrome version 83
Build info: version: '3.141.59', revision: 'e82be7d358', time: '2018-11-14T08:25:48'
System info: host: 'W2464520NGMD1', ip: '172.20.10.2', os.name: 'Windows 10', os.arch: 'amd64', os.version: '10.0', java.version: '1.8.0_251'
Driver info: driver.version: ChromeDriver
remote stacktrace: Backtrace:
Ordinal0 [0x00E49563+2725219]
Ordinal0 [0x00D48551+1672529]
Ordinal0 [0x00C30359+525145]
Ordinal0 [0x00BC0B77+68471]
Ordinal0 [0x00BBD32C+54060]
Ordinal0 [0x00BDCC37+183351]
Ordinal0 [0x00BDCA3D+182845]
Ordinal0 [0x00BDA94B+174411]
Ordinal0 [0x00BC2528+75048]
Ordinal0 [0x00BC35A0+79264]
Ordinal0 [0x00BC3539+79161]
Ordinal0 [0x00D5D607+1758727]
GetHandleVerifier [0x00F66546+1050150]
GetHandleVerifier [0x00F66291+1049457]
GetHandleVerifier [0x00F710D7+1094071]
GetHandleVerifier [0x00F66B46+1051686]
Ordinal0 [0x00D55B06+1727238]
Ordinal0 [0x00D5EB7B+1764219]
Ordinal0 [0x00D5ECE3+1764579]
Ordinal0 [0x00D74C05+1854469]
BaseThreadInitThunk [0x73CC8674+36]
RtlGetAppContainerNamedObjectPath [0x77995EC7+311]
RtlGetAppContainerNamedObjectPath [0x77995E97+263]

at sun.reflect.NativeConstructorAccessorImpl.newInstance0(Native Method)
at sun.reflect.NativeConstructorAccessorImpl.newInstance(Unknown Source)
at sun.reflect.DelegatingConstructorAccessorImpl.newInstance(Unknown Source)
at java.lang.reflect.Constructor.newInstance(Unknown Source)
at org.openqa.selenium.remote.W3CHandshakeResponse.lambda$errorHandler$0(W3CHandshakeResponse.java:62)
at org.openqa.selenium.remote.HandshakeResponse.lambda$getResponseFunction$0(HandshakeResponse.java:30)
at org.openqa.selenium.remote.ProtocolHandshake.lambda$createSession$0(ProtocolHandshake.java:126)
at java.util.stream.ReferencePipeline$3$1.accept(Unknown Source)
at java.util.Spliterators$ArraySpliterator.tryAdvance(Unknown Source)
at java.util.stream.ReferencePipeline.forEachWithCancel(Unknown Source)
at java.util.stream.AbstractPipeline.copyIntoWithCancel(Unknown Source)
at java.util.stream.AbstractPipeline.copyInto(Unknown Source)
at java.util.stream.AbstractPipeline.wrapAndCopyInto(Unknown Source)
at java.util.stream.FindOps$FindOp.evaluateSequential(Unknown Source)
at java.util.stream.AbstractPipeline.evaluate(Unknown Source)
at java.util.stream.ReferencePipeline.findFirst(Unknown Source)
at org.openqa.selenium.remote.ProtocolHandshake.createSession(ProtocolHandshake.java:128)
at org.openqa.selenium.remote.ProtocolHandshake.createSession(ProtocolHandshake.java:74)
at org.openqa.selenium.remote.HttpCommandExecutor.execute(HttpCommandExecutor.java:136)
at org.openqa.selenium.remote.service.DriverCommandExecutor.execute(DriverCommandExecutor.java:83)
at org.openqa.selenium.remote.RemoteWebDriver.execute(RemoteWebDriver.java:552)
at org.openqa.selenium.remote.RemoteWebDriver.startSession(RemoteWebDriver.java:213)
at org.openqa.selenium.remote.RemoteWebDriver.<init>(RemoteWebDriver.java:131)
at org.openqa.selenium.chrome.ChromeDriver.<init>(ChromeDriver.java:181)
at org.openqa.selenium.chrome.ChromeDriver.<init>(ChromeDriver.java:168)
at org.openqa.selenium.chrome.ChromeDriver.<init>(ChromeDriver.java:123)
at Testcases.HomeApp.homeClick(HomeApp.java:14)
at sun.reflect.NativeMethodAccessorImpl.invoke0(Native Method)
at sun.reflect.NativeMethodAccessorImpl.invoke(Unknown Source)
at sun.reflect.DelegatingMethodAccessorImpl.invoke(Unknown Source)
at java.lang.reflect.Method.invoke(Unknown Source)
at org.testng.internal.MethodInvocationHelper.invokeMethod(MethodInvocationHelper.java:135)
at org.testng.internal.TestInvoker.invokeMethod(TestInvoker.java:598)
at org.testng.internal.TestInvoker.invokeTestMethod(TestInvoker.java:174)
at org.testng.internal.MethodRunner.runInSequence(MethodRunner.java:46)
at org.testng.internal.TestInvoker$MethodInvocationAgent.invoke(TestInvoker.java:821)
at org.testng.internal.TestInvoker.invokeTestMethods(TestInvoker.java:147)
at org.testng.internal.TestMethodWorker.invokeTestMethods(TestMethodWorker.java:146)
at org.testng.internal.TestMethodWorker.run(TestMethodWorker.java:128)
at java.util.ArrayList.forEach(Unknown Source)
at org.testng.TestRunner.privateRun(TestRunner.java:767)
at org.testng.TestRunner.run(TestRunner.java:588)
at org.testng.SuiteRunner.runTest(SuiteRunner.java:384)
at org.testng.SuiteRunner.runSequentially(SuiteRunner.java:378)
at org.testng.SuiteRunner.privateRun(SuiteRunner.java:337)
at org.testng.SuiteRunner.run(SuiteRunner.java:286)
at org.testng.SuiteRunnerWorker.runSuite(SuiteRunnerWorker.java:53)
at org.testng.SuiteRunnerWorker.run(SuiteRunnerWorker.java:96)
at org.testng.TestNG.runSuitesSequentially(TestNG.java:1214)
at org.testng.TestNG.runSuitesLocally(TestNG.java:1136)
at org.testng.TestNG.runSuites(TestNG.java:1066)
at org.testng.TestNG.run(TestNG.java:1034)
at org.testng.remote.AbstractRemoteTestNG.run(AbstractRemoteTestNG.java:115)
at org.testng.remote.RemoteTestNG.initAndRun(RemoteTestNG.java:251)
at org.testng.remote.RemoteTestNG.main(RemoteTestNG.java:77)
]]>
    </error>
  </testcase> <!-- homeClick -->
  <system-out/>
</testsuite> <!-- Testcases.HomeApp -->
